I0616 06:30:28.506649       1 Identity.go:37] Probe: called with args &csi.ProbeRequest{XXX_NoUnkeyedLiteral:struct {}{}, XXX_unrecognized:[]uint8(nil), XXX_sizecache:0}
I0616 06:30:28.507459       1 Identity.go:14] GetPluginInfo: called with args &csi.GetPluginInfoRequest{XXX_NoUnkeyedLiteral:struct {}{}, XXX_unrecognized:[]uint8(nil), XXX_sizecache:0}
I0616 06:30:28.509489       1 Identity.go:22] GetPluginCapabilities: called with args &csi.GetPluginCapabilitiesRequest{XXX_NoUnkeyedLiteral:struct {}{}, XXX_unrecognized:[]uint8(nil), XXX_sizecache:0}
I0616 06:30:28.510554       1 controller.go:65] ControllerGetCapabilities: called with args &csi.ControllerGetCapabilitiesRequest{XXX_NoUnkeyedLiteral:struct {}{}, XXX_unrecognized:[]uint8(nil), XXX_sizecache:0}
I0616 06:30:28.655672       1 Identity.go:14] GetPluginInfo: called with args &csi.GetPluginInfoRequest{XXX_NoUnkeyedLiteral:struct {}{}, XXX_unrecognized:[]uint8(nil), XXX_sizecache:0}
I0616 06:30:28.713827       1 controller.go:34] DeleteVolume: called with args &csi.DeleteVolumeRequest{VolumeId:"qcow-1234567", Secrets:map[string]string(nil), XXX_NoUnkeyedLiteral:struct {}{}, XXX_unrecognized:[]uint8(nil), XXX_sizecache:0}
I0616 06:30:28.745310       1 node.go:63] NodeGetInfo: called with args &csi.NodeGetInfoRequest{XXX_NoUnkeyedLiteral:struct {}{}, XXX_unrecognized:[]uint8(nil), XXX_sizecache:0}
I0616 06:31:33.342373       1 Identity.go:37] Probe: called with args &csi.ProbeRequest{XXX_NoUnkeyedLiteral:struct {}{}, XXX_unrecognized:[]uint8(nil), XXX_sizecache:0}
I0616 06:31:33.343153       1 Identity.go:14] GetPluginInfo: called with args &csi.GetPluginInfoRequest{XXX_NoUnkeyedLiteral:struct {}{}, XXX_unrecognized:[]uint8(nil), XXX_sizecache:0}
I0616 06:31:33.344184       1 Identity.go:22] GetPluginCapabilities: called with args &csi.GetPluginCapabilitiesRequest{XXX_NoUnkeyedLiteral:struct {}{}, XXX_unrecognized:[]uint8(nil), XXX_sizecache:0}
I0616 06:31:33.344984       1 controller.go:65] ControllerGetCapabilities: called with args &csi.ControllerGetCapabilitiesRequest{XXX_NoUnkeyedLiteral:struct {}{}, XXX_unrecognized:[]uint8(nil), XXX_sizecache:0}
I0616 06:35:32.989716       1 controller.go:21] CreateVolume: called with args &csi.CreateVolumeRequest{Name:"pvc-e55a6499-c35f-4ace-953b-669c1ef8cf5e", CapacityRange:(*csi.CapacityRange)(0xc0002614d0), VolumeCapabilities:[]*csi.VolumeCapability{(*csi.VolumeCapability)(0xc0000c5740)}, Parameters:map[string]string(nil), Secrets:map[string]string(nil), VolumeContentSource:(*csi.VolumeContentSource)(nil), AccessibilityRequirements:(*csi.TopologyRequirement)(nil), XXX_NoUnkeyedLiteral:struct {}{}, XXX_unrecognized:[]uint8(nil), XXX_sizecache:0}
I0616 06:35:56.940042       1 controller.go:39] ControllerPublishVolume: called with args &csi.ControllerPublishVolumeRequest{VolumeId:"qcow-1234567", NodeId:"1", VolumeCapability:(*csi.VolumeCapability)(0xc000314700), Readonly:false, Secrets:map[string]string(nil), VolumeContext:map[string]string{"storage.kubernetes.io/csiProvisionerIdentity":"1686897028510-8081-sim.tungyao.nfs"}, XXX_NoUnkeyedLiteral:struct {}{}, XXX_unrecognized:[]uint8(nil), XXX_sizecache:0}
I0616 06:36:02.118192       1 node.go:48] NodeGetCapabilities: called with args &csi.NodeGetCapabilitiesRequest{XXX_NoUnkeyedLiteral:struct {}{}, XXX_unrecognized:[]uint8(nil), XXX_sizecache:0}
I0616 06:36:02.357100       1 node.go:48] NodeGetCapabilities: called with args &csi.NodeGetCapabilitiesRequest{XXX_NoUnkeyedLiteral:struct {}{}, XXX_unrecognized:[]uint8(nil), XXX_sizecache:0}
I0616 06:36:02.361465       1 node.go:48] NodeGetCapabilities: called with args &csi.NodeGetCapabilitiesRequest{XXX_NoUnkeyedLiteral:struct {}{}, XXX_unrecognized:[]uint8(nil), XXX_sizecache:0}
I0616 06:36:02.442769       1 node.go:14] NodeStageVolume: called with args &csi.NodeStageVolumeRequest{VolumeId:"qcow-1234567", PublishContext:map[string]string{"devicePath":"/dev/sdb"}, StagingTargetPath:"/var/lib/kubelet/plugins/kubernetes.io/csi/sim.tungyao.nfs/6e0d50db8c602d79947b66a84581f8457fd5dedf9e13c5ac24c7b15c1c4739d2/globalmount", VolumeCapability:(*csi.VolumeCapability)(0xc000314b00), Secrets:map[string]string(nil), VolumeContext:map[string]string{"storage.kubernetes.io/csiProvisionerIdentity":"1686897028510-8081-sim.tungyao.nfs"}, XXX_NoUnkeyedLiteral:struct {}{}, XXX_unrecognized:[]uint8(nil), XXX_sizecache:0}
I0616 06:36:02.455136       1 node.go:48] NodeGetCapabilities: called with args &csi.NodeGetCapabilitiesRequest{XXX_NoUnkeyedLiteral:struct {}{}, XXX_unrecognized:[]uint8(nil), XXX_sizecache:0}
I0616 06:36:02.470516       1 node.go:48] NodeGetCapabilities: called with args &csi.NodeGetCapabilitiesRequest{XXX_NoUnkeyedLiteral:struct {}{}, XXX_unrecognized:[]uint8(nil), XXX_sizecache:0}
I0616 06:36:02.472160       1 node.go:48] NodeGetCapabilities: called with args &csi.NodeGetCapabilitiesRequest{XXX_NoUnkeyedLiteral:struct {}{}, XXX_unrecognized:[]uint8(nil), XXX_sizecache:0}
I0616 06:36:02.483401       1 node.go:24] NodePublishVolume: called with args &csi.NodePublishVolumeRequest{VolumeId:"qcow-1234567", PublishContext:map[string]string{"devicePath":"/dev/sdb"}, StagingTargetPath:"/var/lib/kubelet/plugins/kubernetes.io/csi/sim.tungyao.nfs/6e0d50db8c602d79947b66a84581f8457fd5dedf9e13c5ac24c7b15c1c4739d2/globalmount", TargetPath:"/var/lib/kubelet/pods/8db58ec6-63d2-43c7-bd26-3eca4979166b/volumes/kubernetes.io~csi/pvc-e55a6499-c35f-4ace-953b-669c1ef8cf5e/mount", VolumeCapability:(*csi.VolumeCapability)(0xc0003fa180), Readonly:false, Secrets:map[string]string(nil), VolumeContext:map[string]string{"storage.kubernetes.io/csiProvisionerIdentity":"1686897028510-8081-sim.tungyao.nfs"}, XXX_NoUnkeyedLiteral:struct {}{}, XXX_unrecognized:[]uint8(nil), XXX_sizecache:0}
I0616 06:36:51.598206       1 node.go:48] NodeGetCapabilities: called with args &csi.NodeGetCapabilitiesRequest{XXX_NoUnkeyedLiteral:struct {}{}, XXX_unrecognized:[]uint8(nil), XXX_sizecache:0}
I0616 06:38:34.289845       1 node.go:30] NodeUnpublishVolume: called with args &csi.NodeUnpublishVolumeRequest{VolumeId:"qcow-1234567", TargetPath:"/var/lib/kubelet/pods/8db58ec6-63d2-43c7-bd26-3eca4979166b/volumes/kubernetes.io~csi/pvc-e55a6499-c35f-4ace-953b-669c1ef8cf5e/mount", XXX_NoUnkeyedLiteral:struct {}{}, XXX_unrecognized:[]uint8(nil), XXX_sizecache:0}
I0616 06:38:34.401064       1 node.go:48] NodeGetCapabilities: called with args &csi.NodeGetCapabilitiesRequest{XXX_NoUnkeyedLiteral:struct {}{}, XXX_unrecognized:[]uint8(nil), XXX_sizecache:0}
I0616 06:38:34.402922       1 node.go:19] NodeUnstageVolume: called with args &csi.NodeUnstageVolumeRequest{VolumeId:"qcow-1234567", StagingTargetPath:"/var/lib/kubelet/plugins/kubernetes.io/csi/sim.tungyao.nfs/6e0d50db8c602d79947b66a84581f8457fd5dedf9e13c5ac24c7b15c1c4739d2/globalmount", XXX_NoUnkeyedLiteral:struct {}{}, XXX_unrecognized:[]uint8(nil), XXX_sizecache:0}
I0616 06:38:35.899036       1 controller.go:45] ControllerUnpublishVolume: called with args &csi.ControllerUnpublishVolumeRequest{VolumeId:"qcow-1234567", NodeId:"1", Secrets:map[string]string(nil), XXX_NoUnkeyedLiteral:struct {}{}, XXX_unrecognized:[]uint8(nil), XXX_sizecache:0}
